<?xml version="1.0" encoding="UTF-8"?>
<!-- Generated by org.testng.reporters.JUnitXMLReporter -->
<testsuite ignored="0" hostname="SOMDEV-PC" failures="0" tests="5" name="Default test" time="3.147" errors="0" timestamp="2023-01-26T17:55:33 IST">
  <testcase classname="com.som.v1.testsuite" name="CreateUsr on null(com.som.v1.testsuite)" time="1.094"/>
  <testcase classname="com.som.v1.testsuite" name="delete on null(com.som.v1.testsuite)" time="0.218"/>
  <testcase classname="com.som.v1.testsuite" name="getUserList on null(com.som.v1.testsuite)" time="0.717"/>
  <testcase classname="com.som.v1.testsuite" name="getsingleuser on null(com.som.v1.testsuite)" time="0.13"/>
  <testcase classname="com.som.v1.testsuite" name="update on null(com.som.v1.testsuite)" time="0.206"/>
</testsuite> <!-- Default test -->
