<?xml version="1.0" encoding="UTF-8"?>
<testng-results ignored="0" total="5" passed="5" failed="0" skipped="0">
  <reporter-output>
  </reporter-output>
  <suite started-at="2023-01-26T17:55:30 IST" name="Default suite" finished-at="2023-01-26T17:55:33 IST" duration-ms="3147">
    <groups>
    </groups>
    <test started-at="2023-01-26T17:55:30 IST" name="Default test" finished-at="2023-01-26T17:55:33 IST" duration-ms="3147">
      <class name="com.som.v1.testsuite">
        <test-method is-config="true" signature="request()[pri:0, instance:null(com.som.v1.testsuite)]" started-at="2023-01-26T17:55:30 IST" name="request" finished-at="2023-01-26T17:55:31 IST" duration-ms="710" status="PASS">
          <reporter-output>
          </reporter-output>
        </test-method> <!-- request -->
        <test-method is-config="true" signature="setResponseSpecs()[pri:0, instance:null(com.som.v1.testsuite)]" started-at="2023-01-26T17:55:31 IST" name="setResponseSpecs" finished-at="2023-01-26T17:55:31 IST" duration-ms="33" status="PASS">
          <reporter-output>
          </reporter-output>
        </test-method> <!-- setResponseSpecs -->
        <test-method signature="CreateUsr()[pri:0, instance:null(com.som.v1.testsuite)]" started-at="2023-01-26T17:55:31 IST" name="CreateUsr" finished-at="2023-01-26T17:55:32 IST" duration-ms="1094" status="PASS">
          <reporter-output>
          </reporter-output>
        </test-method> <!-- CreateUsr -->
        <test-method signature="delete()[pri:0, instance:null(com.som.v1.testsuite)]" started-at="2023-01-26T17:55:32 IST" name="delete" finished-at="2023-01-26T17:55:32 IST" duration-ms="218" status="PASS">
          <reporter-output>
          </reporter-output>
        </test-method> <!-- delete -->
        <test-method signature="getUserList()[pri:0, instance:null(com.som.v1.testsuite)]" started-at="2023-01-26T17:55:32 IST" name="getUserList" finished-at="2023-01-26T17:55:33 IST" duration-ms="717" status="PASS">
          <reporter-output>
          </reporter-output>
        </test-method> <!-- getUserList -->
        <test-method signature="getsingleuser()[pri:0, instance:null(com.som.v1.testsuite)]" started-at="2023-01-26T17:55:33 IST" name="getsingleuser" finished-at="2023-01-26T17:55:33 IST" duration-ms="130" status="PASS">
          <reporter-output>
          </reporter-output>
        </test-method> <!-- getsingleuser -->
        <test-method signature="update()[pri:0, instance:null(com.som.v1.testsuite)]" started-at="2023-01-26T17:55:33 IST" name="update" finished-at="2023-01-26T17:55:33 IST" duration-ms="206" status="PASS">
          <reporter-output>
          </reporter-output>
        </test-method> <!-- update -->
      </class> <!-- com.som.v1.testsuite -->
    </test> <!-- Default test -->
  </suite> <!-- Default suite -->
</testng-results>
